 Local log archive absent. Creating log/archived-May-2018.log

 Checking logs for May  uptil current date
 ******************
 
 

 ******************
 
 

 ******************
 
 

 ******************
 
 

 ******************
 
 

 ******************
 
 

 ******************
 
 

 ******************
 
 

 ******************
 
 

 ******************
 
 

 ******************
 
 

 ******************
 
 

 ******************
 
 

 ******************
 
 

 ******************
 
 

 ******************
 
 

 ******************
 
 

 ******************
 
 

 ******************
 
 

 ******************
 
 

 ******************
 
 

 ******************
 
 

 ******************
 
 

 ******************
 May 24, 2018 10:14:36 AM GMT	50% of the total memory in the server is free. 
 May 24, 2018 7:18:47 PM GMT	43% of the total memory in the server is free. 

 ******************
 May 25, 2018 5:52:48 AM GMT	61% of the total memory in the server is free. 
 May 25, 2018 5:40:48 PM GMT	14% of the total memory in the server is free. 

 ******************
 May 26, 2018 6:22:11 AM GMT	19% of the total memory in the server is free. 
 May 26, 2018 7:24:10 PM GMT	59% of the total memory in the server is free. 

 ******************
 May 27, 2018 7:17:10 AM GMT	37% of the total memory in the server is free. 
 May 27, 2018 12:36:07 PM GMT	62% of the total memory in the server is free. 

 ******************
 May 28, 2018 3:10:11 AM GMT	28% of the total memory in the server is free. 
 May 28, 2018 4:38:30 PM GMT	52% of the total memory in the server is free. 

 ******************
 May 29, 2018 11:32:48 AM GMT	36% of the total memory in the server is free. 
 May 29, 2018 3:51:48 PM GMT	47% of the total memory in the server is free. 

 ******************
 May 30, 2018 9:56:48 AM GMT	48% of the total memory in the server is free. 
 May 30, 2018 5:14:36 PM GMT	39% of the total memory in the server is free. 

 ******************
 May 31, 2018 3:29:16 AM GMT	73% of the total memory in the server is free. 
 May 31, 2018 4:13:48 PM GMT	69% of the total memory in the server is free. 

 ******************
 Size of /opt/fedex: 55%
 Size of /var/fedex: 57%
