
 Checking logs for Jun 1 
 ******************
 Jun 1, 2018 9:01:10 AM GMT	21% of the total memory in the server is free. 
 Jun 1, 2018 11:36:55 PM GMT	19% of the total memory in the server is free. 
 Size of /opt/fedex: 55%
 Size of /var/fedex: 57%
 CPU Usage as reported on the server: 0%


 Checking logs for Jun 2 
 ******************
 Jun 2, 2018 1:17:29 AM GMT	31% of the total memory in the server is free. 
 Jun 2, 2018 9:49:51 PM GMT	71% of the total memory in the server is free. 
 Size of /opt/fedex: 55%
 Size of /var/fedex: 57%
 CPU Usage as reported on the server: 0%


 Checking logs for Jun 3 
 ******************
 Jun 3, 2018 4:28:55 AM GMT	49% of the total memory in the server is free. 
 Jun 3, 2018 5:46:46 PM GMT	61% of the total memory in the server is free. 
 Size of /opt/fedex: 55%
 Size of /var/fedex: 57%
 CPU Usage as reported on the server: 0%


 Checking logs for Jun 4 
 ******************
 Jun 4, 2018 4:46:15 AM GMT	65% of the total memory in the server is free. 
 Jun 4, 2018 4:34:10 PM GMT	76% of the total memory in the server is free. 
 Size of /opt/fedex: 55%
 Size of /var/fedex: 57%
 CPU Usage as reported on the server: 0%


 Checking logs for Jun 5 
 ******************
 Jun 5, 2018 9:50:11 AM GMT	20% of the total memory in the server is free. 
 Jun 5, 2018 3:33:11 PM GMT	75% of the total memory in the server is free. 
 Size of /opt/fedex: 55%
 Size of /var/fedex: 57%
 CPU Usage as reported on the server: 0%


 Checking logs for Jun 6 
 ******************
 Jun 6, 2018 7:31:11 AM GMT	15% of the total memory in the server is free. 
 Jun 6, 2018 7:51:11 PM GMT	39% of the total memory in the server is free. 
 Size of /opt/fedex: 55%
 Size of /var/fedex: 57%
 CPU Usage as reported on the server: 0%

 Checking logs for Jun 7 
 ******************
 Jun 7, 2018 7:01:11 AM GMT	66% of the total memory in the server is free. 
 Jun 7, 2018 12:28:12 PM GMT	17% of the total memory in the server is free. 
 Size of /opt/fedex: 55%
 Size of /var/fedex: 57%
 CPU Usage as reported on the server: 0%
 Checking logs for Jun 5 
 ******************
 Logs already filled for Jun 5,

 Checking logs for Jun  uptil current date
 ******************
 Logs already filled for Jun 1,
 ******************
 Logs already filled for Jun 2,
 ******************
 Logs already filled for Jun 3,
 ******************
 Logs already filled for Jun 4,
 ******************
 Logs already filled for Jun 5,
 ******************
 Logs already filled for Jun 6,
 ******************
 Logs already filled for Jun 7,
 ******************
 Jun 8, 2018 6:42:12 AM GMT	29% of the total memory in the server is free. 
 Jun 8, 2018 7:56:12 PM GMT	31% of the total memory in the server is free. 

 ******************
 Jun 9, 2018 5:45:12 AM GMT	49% of the total memory in the server is free. 
 Jun 9, 2018 5:21:12 PM GMT	27% of the total memory in the server is free. 

 ******************
 Jun 10, 2018 5:00:10 AM GMT	64% of the total memory in the server is free. 
 

 ******************
 Size of /opt/fedex: 55%
 Size of /var/fedex: 59%
 CPU Usage as reported on the server: 0%


 Checking logs for Jun 10 
 ******************
 
 Jun 10, 2018 6:07:50 PM GMT	61% of the total memory in the server is free. 
 Size of /opt/fedex: 55%
 Size of /var/fedex: 60%
 CPU Usage as reported on the server: 0.3%


 Checking logs for Jun 11 
 ******************
 Jun 11, 2018 5:29:11 AM GMT	13% of the total memory in the server is free. 
 
 Size of /opt/fedex: 55%
 Size of /var/fedex: 60%
 CPU Usage as reported on the server: 1.7%


 Checking logs for Jun  uptil current date
 ******************
 Logs already filled for Jun 1,
 ******************
 Logs already filled for Jun 2,
 ******************
 Logs already filled for Jun 3,
 ******************
 Logs already filled for Jun 4,
 ******************
 Logs already filled for Jun 5,
 ******************
 Logs already filled for Jun 6,
 ******************
 Logs already filled for Jun 7,
 ******************
 Logs already filled for Jun 8,
 ******************
 Logs already filled for Jun 9,
 ******************
 Logs already filled for Jun 10,
 ******************
 
 Jun 11, 2018 3:20:10 PM GMT	50% of the total memory in the server is free. 

 ******************
 Jun 12, 2018 2:35:10 AM GMT	54% of the total memory in the server is free. 
 

 ******************
 Size of /opt/fedex: 55%
 Size of /var/fedex: 60%
 CPU Usage as reported on the server: 2.0%


 Checking logs for Jun  uptil current date
 ******************
 Logs already filled for Jun 1,
 ******************
 Logs already filled for Jun 2,
 ******************
 Logs already filled for Jun 3,
 ******************
 Logs already filled for Jun 4,
 ******************
 Logs already filled for Jun 5,
 ******************
 Logs already filled for Jun 6,
 ******************
 Logs already filled for Jun 7,
 ******************
 Logs already filled for Jun 8,
 ******************
 Logs already filled for Jun 9,
 ******************
 Logs already filled for Jun 10,
 ******************
 Logs already filled for Jun 11,
 ******************
 
 Jun 12, 2018 10:16:10 PM GMT	30% of the total memory in the server is free. 

 ******************
 Jun 13, 2018 12:46:10 AM GMT	33% of the total memory in the server is free. 
 

 ******************
 Size of /opt/fedex: 55%
 Size of /var/fedex: 62%
 CPU Usage as reported on the server: 0.3%


 Checking logs for Jun  uptil current date
 ******************
 Logs already filled for Jun 1,
 ******************
 Logs already filled for Jun 2,
 ******************
 Logs already filled for Jun 3,
 ******************
 Logs already filled for Jun 4,
 ******************
 Logs already filled for Jun 5,
 ******************
 Logs already filled for Jun 6,
 ******************
 Logs already filled for Jun 7,
 ******************
 Logs already filled for Jun 8,
 ******************
 Logs already filled for Jun 9,
 ******************
 Logs already filled for Jun 10,
 ******************
 Logs already filled for Jun 11,
 ******************
 Logs already filled for Jun 12,
 ******************
 
 Jun 13, 2018 9:26:11 PM GMT	22% of the total memory in the server is free. 

 ******************
 Jun 14, 2018 12:50:08 AM GMT	53% of the total memory in the server is free. 
 

 ******************
 Size of /opt/fedex: 55%
 Size of /var/fedex: 63%
 CPU Usage as reported on the server: 0.3%

