 Local log archive absent. Creating log/archived-Jul-2018.log

 Checking logs for Jul  uptil current date
 ******************
 Jul 1, 2018 6:09:06 AM GMT	34% of the total memory in the server is free. 
Jul 1, 2018 1:52:52 AM GMT	61% of the total memory in the server is free. 
Jul 1, 2018 3:10:10 AM GMT	26% of the total memory in the server is free. 
Jul 1, 2018 5:28:10 AM GMT	36% of the total memory in the server is free. 
Jul 1, 2018 4:36:28 AM GMT	35% of the total memory in the server is free. 
 Jul 1, 2018 8:39:02 PM GMT	68% of the total memory in the server is free. 
Jul 1, 2018 6:19:10 PM GMT	27% of the total memory in the server is free. 
Jul 1, 2018 5:32:11 PM GMT	51% of the total memory in the server is free. 
Jul 1, 2018 2:17:06 PM GMT	19% of the total memory in the server is free. 
Jul 1, 2018 3:42:16 PM GMT	56% of the total memory in the server is free. 

 ******************
 Jul 2, 2018 12:09:02 AM GMT	55% of the total memory in the server is free. 
Jul 2, 2018 2:15:02 AM GMT	55% of the total memory in the server is free. 
Jul 2, 2018 5:17:02 AM GMT	62% of the total memory in the server is free. 
Jul 2, 2018 12:12:02 AM GMT	32% of the total memory in the server is free. 
Jul 2, 2018 1:06:02 AM GMT	67% of the total memory in the server is free. 
 

 ******************
 Size of /opt/fedex: 56%
 Size of /var/fedex: 81%
 CPU Usage as reported on the server: 1.3%


 Checking logs for Jul  uptil current date
 ******************
 Logs already filled for Jul 1,
 ******************
 
 Jul 2, 2018 6:35:37 PM GMT	68% of the total memory in the server is free. 
Jul 2, 2018 9:32:37 PM GMT	29% of the total memory in the server is free. 
Jul 2, 2018 9:36:37 PM GMT	50% of the total memory in the server is free. 

 ******************
 Jul 3, 2018 8:19:38 AM GMT	46% of the total memory in the server is free. 
Jul 3, 2018 2:38:37 AM GMT	61% of the total memory in the server is free. 
Jul 3, 2018 6:58:38 AM GMT	13% of the total memory in the server is free. 
Jul 3, 2018 9:19:38 AM GMT	31% of the total memory in the server is free. 
Jul 3, 2018 8:28:38 AM GMT	35% of the total memory in the server is free. 
 

 ******************
 Size of /opt/fedex: 56%
 Size of /var/fedex: 81%
 CPU Usage as reported on the server: 3.0%


 Checking logs for Jul 3 
 ******************
 Jul 3, 2018 1:20:37 AM GMT	15% of the total memory in the server is free. 
 
 Size of /opt/fedex: 56%
 Size of /var/fedex: 82%
 CPU Usage as reported on the server: 3.3%


 Checking logs for Jul  uptil current date
 ******************
 
 

 ******************
 
 Jul 2, 2018 8:01:37 PM GMT	52% of the total memory in the server is free. 

 ******************
 Jul 3, 2018 2:57:37 AM GMT	64% of the total memory in the server is free. 
 

 ******************
 Size of /opt/fedex: 56%
 Size of /var/fedex: 82%
 CPU Usage as reported on the server: 4.3%

 Exceptions generated for session: 


 Checking logs for Jul  uptil current date
 ******************
 
 

 ******************
 
 Jul 2, 2018 5:02:37 PM GMT	26% of the total memory in the server is free. 
Jul 2, 2018 10:26:37 PM GMT	60% of the total memory in the server is free. 
Jul 2, 2018 8:39:37 PM GMT	49% of the total memory in the server is free. 
Jul 2, 2018 7:34:37 PM GMT	63% of the total memory in the server is free. 
Jul 2, 2018 6:56:37 PM GMT	49% of the total memory in the server is free. 

 ******************
 Jul 3, 2018 2:37:37 AM GMT	20% of the total memory in the server is free. 
Jul 3, 2018 2:48:37 AM GMT	50% of the total memory in the server is free. 
Jul 3, 2018 12:24:37 AM GMT	37% of the total memory in the server is free. 
Jul 3, 2018 4:45:37 AM GMT	58% of the total memory in the server is free. 
Jul 3, 2018 2:31:37 AM GMT	60% of the total memory in the server is free. 
 

 ******************
 Size of /opt/fedex: 56%
 Size of /var/fedex: 82%
 CPU Usage as reported on the server: 3.3%

 Exceptions generated for session:  java.lang.NullPointerException.
java.lang.NullPointerException
 java.lang.NullPointerException.
java.lang.NullPointerException
 java.lang.NullPointerException.
java.lang.NullPointerException
 java.lang.NullPointerException.
java.lang.NullPointerException
 java.lang.NullPointerException.
java.lang.NullPointerException
 java.lang.NullPointerException.
java.lang.NullPointerException
 java.lang.NullPointerException.
java.lang.NullPointerException
 java.lang.NullPointerException.
java.lang.NullPointerException
java.lang.NullPointerException


 Checking logs for Jul  uptil current date
 ******************
 
 

 ******************
 
 Jul 2, 2018 3:45:37 PM GMT	20% of the total memory in the server is free. 
Jul 2, 2018 10:59:37 PM GMT	23% of the total memory in the server is free. 
Jul 2, 2018 8:31:37 PM GMT	67% of the total memory in the server is free. 
Jul 2, 2018 7:16:37 PM GMT	39% of the total memory in the server is free. 
Jul 2, 2018 4:04:37 PM GMT	70% of the total memory in the server is free. 

 ******************
 Jul 3, 2018 2:12:37 AM GMT	37% of the total memory in the server is free. 
Jul 3, 2018 1:43:37 AM GMT	16% of the total memory in the server is free. 
Jul 3, 2018 2:28:37 AM GMT	15% of the total memory in the server is free. 
Jul 3, 2018 2:37:37 AM GMT	20% of the total memory in the server is free. 
Jul 3, 2018 4:31:37 AM GMT	35% of the total memory in the server is free. 
 

 ******************
 Size of /opt/fedex: 56%
 Size of /var/fedex: 82%
 CPU Usage as reported on the server: 4.7%

 Exceptions generated for session:  java.lang.NullPointerException.
java.lang.NullPointerException
 java.lang.NullPointerException.
java.lang.NullPointerException
 java.lang.NullPointerException.
java.lang.NullPointerException
 java.lang.NullPointerException.
java.lang.NullPointerException
 java.lang.NullPointerException.
java.lang.NullPointerException
 java.lang.NullPointerException.
java.lang.NullPointerException
 java.lang.NullPointerException.
java.lang.NullPointerException
 java.lang.NullPointerException.
java.lang.NullPointerException
java.lang.NullPointerException


 Checking logs for Jul  uptil current date
 ******************
 
 

 ******************
 
 Jul 2, 2018 6:23:37 PM GMT	14% of the total memory in the server is free. 
Jul 2, 2018 9:46:37 PM GMT	23% of the total memory in the server is free. 
Jul 2, 2018 8:18:37 PM GMT	60% of the total memory in the server is free. 
Jul 2, 2018 7:40:37 PM GMT	35% of the total memory in the server is free. 
Jul 2, 2018 6:40:37 PM GMT	32% of the total memory in the server is free. 

 ******************
 Jul 3, 2018 7:16:38 AM GMT	44% of the total memory in the server is free. 
Jul 3, 2018 6:32:37 AM GMT	57% of the total memory in the server is free. 
Jul 3, 2018 7:59:38 AM GMT	42% of the total memory in the server is free. 
Jul 3, 2018 6:36:37 AM GMT	19% of the total memory in the server is free. 
Jul 3, 2018 3:40:37 AM GMT	55% of the total memory in the server is free. 
 

 ******************
 Size of /opt/fedex: 56%
 Size of /var/fedex: 83%
 CPU Usage as reported on the server: 0.7%

 Exceptions generated for session:  java.lang.NullPointerException.
java.lang.NullPointerException
 java.lang.NullPointerException.
java.lang.NullPointerException
 java.lang.NullPointerException.
java.lang.NullPointerException
 java.lang.NullPointerException.
java.lang.NullPointerException
 java.lang.NullPointerException.
java.lang.NullPointerException
 java.lang.NullPointerException.
java.lang.NullPointerException
 java.lang.NullPointerException.
java.lang.NullPointerException
 java.lang.NullPointerException.
java.lang.NullPointerException
java.lang.NullPointerException


 Checking logs for Jul  uptil current date
 ******************
 
 

 ******************
 
 Jul 2, 2018 9:17:37 PM GMT	35% of the total memory in the server is free. 
Jul 2, 2018 8:06:37 PM GMT	56% of the total memory in the server is free. 
Jul 2, 2018 5:34:37 PM GMT	58% of the total memory in the server is free. 
Jul 2, 2018 7:37:37 PM GMT	29% of the total memory in the server is free. 
Jul 2, 2018 6:26:37 PM GMT	34% of the total memory in the server is free. 

 ******************
 Jul 3, 2018 1:45:37 AM GMT	36% of the total memory in the server is free. 
Jul 3, 2018 10:50:45 AM GMT	45% of the total memory in the server is free. 
Jul 3, 2018 12:24:37 AM GMT	37% of the total memory in the server is free. 
Jul 3, 2018 4:31:37 AM GMT	35% of the total memory in the server is free. 
Jul 3, 2018 4:44:37 AM GMT	23% of the total memory in the server is free. 
 Jul 3, 2018 12:01:45 PM GMT	62% of the total memory in the server is free. 
Jul 3, 2018 12:04:45 PM GMT	42% of the total memory in the server is free. 

 ******************
 Size of /opt/fedex: 56%
 Size of /var/fedex: 83%
 CPU Usage as reported on the server: 4.0%

 Exceptions generated for session:  java.lang.NullPointerException.
java.lang.NullPointerException
 java.lang.NullPointerException.
java.lang.NullPointerException
 java.lang.NullPointerException.
java.lang.NullPointerException
 java.lang.NullPointerException.
java.lang.NullPointerException
 java.lang.NullPointerException.
java.lang.NullPointerException
 java.lang.NullPointerException.
java.lang.NullPointerException
 java.lang.NullPointerException.
java.lang.NullPointerException
 java.lang.NullPointerException.
java.lang.NullPointerException
java.lang.NullPointerException

